// 重构日志: 1ebf967b
// 重构日志: b6cd1dc2
// 同步 ID: b0e11af5 @ Sat Jul 11 15:59:56 UTC 2026
// 同步 ID: 8162cd19 @ Sat Jul 11 17:05:35 UTC 2026
// 重构日志: 9d774a0f
// 同步 ID: bf30c802 @ Sun Jul 12 20:15:40 UTC 2026
// 重构日志: 0408986e
// 重构日志: 22480105
// 重构日志: 2e3f5932
// 重构日志: bbce13b9
// 重构日志: adbc6e61
// 重构日志: 8ebb616e
// 同步 ID: dd518736 @ Wed Jul 15 04:25:55 UTC 2026
// 同步 ID: 720ab5d9 @ Wed Jul 15 12:33:54 UTC 2026
// 同步 ID: c1a601fd @ Wed Jul 15 16:02:34 UTC 2026
// 重构日志: 8941d5a9
// 同步 ID: 6845a55e @ Thu Jul 16 06:48:04 UTC 2026
// 重构日志: 028fb515
// 重构日志: ee208f25
// 重构日志: f1f6c19b
// 重构日志: 2cc95527
// 重构日志: 84e30b1b
// 同步 ID: 4cb6508a @ Fri Jul 17 09:48:33 UTC 2026
// 重构日志: 7e849b89
// 重构日志: adba5c74
// 重构日志: cb64f127
// 重构日志: 02254d90
// 同步 ID: 8bd0479a @ Mon Jul 20 13:48:33 UTC 2026
// 同步 ID: ab6ae5f3 @ Tue Jul 21 07:30:02 UTC 2026
// 同步 ID: 1258d835 @ Tue Jul 21 10:30:41 UTC 2026
